<?xml version="1.0" encoding="UTF-8"?>
<coverage generated="1773913346823" clover="3.2.0">
  <project timestamp="1773913346824" name="All files">
    <metrics statements="4" coveredstatements="4" conditionals="2" coveredconditionals="2" methods="2" coveredmethods="2" elements="8" coveredelements="8" complexity="0" loc="4" ncloc="4" packages="1" files="1" classes="1"/>
    <file name="counter.ts" path="/home/daniel/HarbourSpace/FrontendF/Ex01/vue-app/src/utils/counter.ts">
      <metrics statements="4" coveredstatements="4" conditionals="2" coveredconditionals="2" methods="2" coveredmethods="2"/>
      <line num="7" count="1" type="cond" truecount="1" falsecount="0"/>
      <line num="8" count="3" type="stmt"/>
      <line num="17" count="1" type="cond" truecount="1" falsecount="0"/>
      <line num="18" count="3" type="stmt"/>
    </file>
  </project>
</coverage>
