{
  "/home/daniel/HarbourSpace/FrontendF/Ex01/vue-app/src/utils/counter.ts": {
    "path": "/home/daniel/HarbourSpace/FrontendF/Ex01/vue-app/src/utils/counter.ts",
    "statementMap": {
      "0": { "start": { "line": 7, "column": 13 }, "end": { "line": 8, "column": null } },
      "1": { "start": { "line": 8, "column": 2 }, "end": { "line": 8, "column": null } },
      "2": { "start": { "line": 17, "column": 13 }, "end": { "line": 18, "column": null } },
      "3": { "start": { "line": 18, "column": 2 }, "end": { "line": 18, "column": null } }
    },
    "fnMap": {
      "0": {
        "name": "(anonymous_0)",
        "decl": { "start": { "line": 7, "column": 13 }, "end": { "line": 7, "column": 26 } },
        "loc": { "start": { "line": 7, "column": 54 }, "end": { "line": 8, "column": null } },
        "line": 7
      },
      "1": {
        "name": "(anonymous_1)",
        "decl": { "start": { "line": 17, "column": 13 }, "end": { "line": 17, "column": 26 } },
        "loc": { "start": { "line": 17, "column": 54 }, "end": { "line": 18, "column": null } },
        "line": 17
      }
    },
    "branchMap": {
      "0": {
        "loc": { "start": { "line": 7, "column": 41 }, "end": { "line": 7, "column": 54 } },
        "type": "default-arg",
        "locations": [{ "start": { "line": 7, "column": 48 }, "end": { "line": 7, "column": 54 } }],
        "line": 7
      },
      "1": {
        "loc": { "start": { "line": 17, "column": 41 }, "end": { "line": 17, "column": 54 } },
        "type": "default-arg",
        "locations": [
          { "start": { "line": 17, "column": 48 }, "end": { "line": 17, "column": 54 } }
        ],
        "line": 17
      }
    },
    "s": { "0": 1, "1": 3, "2": 1, "3": 3 },
    "f": { "0": 3, "1": 3 },
    "b": { "0": [3], "1": [3] },
    "meta": {
      "lastBranch": 2,
      "lastFunction": 2,
      "lastStatement": 4,
      "seen": {
        "s:7:13:8:Infinity": 0,
        "f:7:13:7:26": 0,
        "b:7:48:7:54": 0,
        "s:8:2:8:Infinity": 1,
        "s:17:13:18:Infinity": 2,
        "f:17:13:17:26": 1,
        "b:17:48:17:54": 1,
        "s:18:2:18:Infinity": 3
      }
    }
  }
}
